[ 2023-10-17 18:32:12,439 ] root - INFO - Entered the start_data_ingestion method of TrainPipeline class
[ 2023-10-17 18:32:12,439 ] root - INFO - Getting the data from the url
[ 2023-10-17 18:32:12,439 ] root - INFO - Entered initiate_data_ingestion method of Data_Ingestion class
[ 2023-10-17 18:32:12,439 ] root - INFO - Download data from 'https://drive.google.com/file/d/1xkn87SRvjp9J7CVpp0y36vTOzRhRz_SE/view?usp=drive_link' into file artifacts\data_ingestion\data.zip
[ 2023-10-17 18:32:45,755 ] root - INFO - Download data from 'https://drive.google.com/file/d/1xkn87SRvjp9J7CVpp0y36vTOzRhRz_SE/view?usp=drive_link' into file artifacts\data_ingestion\data.zip
[ 2023-10-17 18:32:53,217 ] root - INFO - Extracted artifacts\data_ingestion\data.zip into artifacts\data_ingestion\feature_store
[ 2023-10-17 18:32:53,217 ] root - INFO - Exited initiate_data_ingestion method of Data_ingestion class
[ 2023-10-17 18:32:53,217 ] root - INFO - data ingestion artificat: DataIngestionArtifact(data_zip_file_path='artifacts\\data_ingestion\\data.zip', feature_store_path='artifacts\\data_ingestion\\feature_store')
[ 2023-10-17 18:32:53,217 ] root - INFO - Got the data from url
[ 2023-10-17 18:32:53,217 ] root - INFO - Exited the start_data_ingestion method of the TrainPipeline class
[ 2023-10-17 18:32:53,217 ] root - INFO - Entered the start_data_validation method of TrainPipeline class
[ 2023-10-17 18:32:53,217 ] root - INFO - Entered initiated_data_validation method of DataValidation Class
[ 2023-10-17 18:32:53,231 ] root - INFO - Exited initiate_data_validation method of DataValidation class
[ 2023-10-17 18:32:53,231 ] root - INFO - Data Validation artifact: DataValidationArtifact(validation_status=True)
[ 2023-10-17 18:32:54,051 ] root - INFO - Performed the data validation operation
[ 2023-10-17 18:32:54,051 ] root - INFO - Exited the start_data_validation method of TrainPipeline class
[ 2023-10-17 18:32:54,051 ] root - INFO - Initiated model training process
[ 2023-10-17 18:32:54,060 ] root - INFO - Unzipping data.zip
[ 2023-10-17 18:33:06,326 ] root - INFO - Exited model training process
[ 2023-10-17 18:33:06,326 ] root - INFO - Model trainer Artifact: ModelTrainerArtifact(trained_model_file_path='yolov8/best.pt')
